Arguments: 
  C:\Program Files (x86)\nodejs\node.exe C:\Program Files (x86)\Yarn\bin\yarn.js install

PATH: 
  C:\Program Files (x86)\Intel\iCLS Client\;C:\Program Files\Intel\iCLS Client\;C:\WINDOWS\system32;C:\WINDOWS;C:\WINDOWS\System32\Wbem;C:\WINDOWS\System32\WindowsPowerShell\v1.0\;D:\Program Files\Microsoft SQL Server\120\DTS\Binn\;D:\Program Files\Microsoft SQL Server\Client SDK\ODBC\110\Tools\Binn\;D:\Program Files (x86)\Microsoft SQL Server\120\Tools\Binn\;D:\Program Files\Microsoft SQL Server\120\Tools\Binn\;D:\Program Files (x86)\Microsoft SQL Server\120\Tools\Binn\ManagementStudio\;D:\Program Files (x86)\Microsoft SQL Server\120\DTS\Binn\;C:\WINDOWS\system32\config\systemprofile\.dnx\bin;C:\Program Files\Microsoft DNX\Dnvm\;D:\Program Files\Microsoft SQL Server\130\Tools\Binn\;C:\Program Files (x86)\Microsoft Emulator Manager\1.0\;C:\Program Files\Git\cmd;C:\Program Files (x86)\Windows Kits\10\Windows Performance Toolkit\;C:\Program Files\Intel\Intel(R) Management Engine Components\DAL;C:\Program Files\Intel\Intel(R) Management Engine Components\IPT;C:\Program Files (x86)\Intel\Intel(R) Management Engine Components\DAL;C:\Program Files (x86)\Intel\Intel(R) Management Engine Components\IPT;C:\Program Files (x86)\nodejs\;D:\Program Files (x86)\Microsoft SQL Server\110\DTS\Binn\;D:\Program Files (x86)\Microsoft SQL Server\130\DTS\Binn\;C:\Program Files\Calibre2\;C:\Program Files\TortoiseGit\bin;C:\Program Files (x86)\Yarn\bin;C:\Program Files (x86)\Microsoft VS Code\bin;C:\Users\liuff\AppData\Roaming\npm;C:\Users\liuff\AppData\Local\Microsoft\WindowsApps;C:\Users\liuff\AppData\Local\Yarn\.bin

Yarn version: 
  0.23.2

Node version: 
  6.9.4

Platform: 
  win32 x64

npm manifest: 
  {
    "name": "step00_helloworld",
    "version": "1.0.0",
    "description": "",
    "main": "app.ts",
    "devDependencies": {},
    "scripts": {
      "start": "tsc && node app",
      "typings": "typings",
      "postinstall": "typings install"
    },
    "author": "Zia Khan",
    "license": "ISC",
    "dependencies": {
      "rxjs": "^5.0.0-beta.9"
    }
  }

yarn manifest: 
  No manifest

Lockfile: 
  # THIS IS AN AUTOGENERATED FILE. DO NOT EDIT THIS FILE DIRECTLY.
  # yarn lockfile v1
  
  
  rxjs@^5.0.0-beta.9:
    version "5.3.0"
    resolved "https://registry.yarnpkg.com/rxjs/-/rxjs-5.3.0.tgz#d88ccbdd46af290cbdb97d5d8055e52453fabe2d"
    dependencies:
      symbol-observable "^1.0.1"
  
  symbol-observable@^1.0.1:
    version "1.0.4"
    resolved "https://registry.yarnpkg.com/symbol-observable/-/symbol-observable-1.0.4.tgz#29bf615d4aa7121bdd898b22d4b3f9bc4e2aa03d"

Trace: 
  Error: connect ETIMEDOUT 104.16.63.173:443
      at Object.exports._errnoException (util.js:1022:11)
      at exports._exceptionWithHostPort (util.js:1045:20)
      at TCPConnectWrap.afterConnect [as oncomplete] (net.js:1087:14)
